# JRE version: OpenJDK Runtime Environment (25.0.2+10) (build 25.0.2+10-69)
# Java VM: OpenJDK 64-Bit Server VM (25.0.2+10-69, mixed mode, sharing, tiered, compressed oops, compressed class ptrs, g1 gc, windows-amd64)
GC Precious Log:
 CardTable entry size: 512
 Card Set container configuration: InlinePtr #cards 5 size 8 Array Of Cards #cards 10 size 36 Howl #buckets 4 coarsen threshold 1843 Howl Bitmap #cards 512 size 80 coarsen threshold 460 Card regions per heap region 1 cards per card region 2048
 CPUs: 8 total, 8 available
 Memory: 12168M
 Large Page Support: Disabled
 NUMA Support: Disabled
 Compressed Oops: Enabled (32-bit)
 Heap Region Size: 1M
 Heap Min Capacity: 256M
 Heap Initial Capacity: 256M
 Heap Max Capacity: 512M
 Pre-touch: Disabled
 Parallel Workers: 8
 Concurrent Workers: 2
 Concurrent Refinement Workers: 8
 Periodic GC: Disabled
Heap:
 garbage-first heap   total reserved 524288K, committed 290816K, used 194622K [0x00000000e0000000, 0x0000000100000000)
  region size 1024K, 25 young (25600K), 7 survivors (7168K)
GC Heap Usage History (20 events):
Event: 15.891 {heap Before GC invocations=13 (full 0):
 garbage-first heap   total reserved 524288K, committed 262144K, used 221747K [0x00000000e0000000, 0x0000000100000000)
  region size 1024K, 153 young (156672K), 11 survivors (11264K)
}
Event: 15.917 {heap After GC invocations=14 (full 0):
 garbage-first heap   total reserved 524288K, committed 262144K, used 96182K [0x00000000e0000000, 0x0000000100000000)
  region size 1024K, 20 young (20480K), 20 survivors (20480K)
}
Event: 17.543 {heap Before GC invocations=14 (full 0):
 garbage-first heap   total reserved 524288K, committed 262144K, used 224182K [0x00000000e0000000, 0x0000000100000000)
  region size 1024K, 146 young (149504K), 20 survivors (20480K)
}
Event: 17.570 {heap After GC invocations=15 (full 0):
 garbage-first heap   total reserved 524288K, committed 262144K, used 109208K [0x00000000e0000000, 0x0000000100000000)
  region size 1024K, 13 young (13312K), 13 survivors (13312K)
}
Event: 17.922 {heap Before GC invocations=15 (full 0):
 garbage-first heap   total reserved 524288K, committed 262144K, used 133784K [0x00000000e0000000, 0x0000000100000000)
  region size 1024K, 38 young (38912K), 13 survivors (13312K)
}
Event: 17.931 {heap After GC invocations=16 (full 0):
 garbage-first heap   total reserved 524288K, committed 262144K, used 111475K [0x00000000e0000000, 0x0000000100000000)
  region size 1024K, 3 young (3072K), 3 survivors (3072K)
}
Event: 19.496 {heap Before GC invocations=17 (full 0):
 garbage-first heap   total reserved 524288K, committed 262144K, used 230259K [0x00000000e0000000, 0x0000000100000000)
  region size 1024K, 119 young (121856K), 3 survivors (3072K)
}
Event: 19.508 {heap After GC invocations=18 (full 0):
 garbage-first heap   total reserved 524288K, committed 262144K, used 128138K [0x00000000e0000000, 0x0000000100000000)
  region size 1024K, 15 young (15360K), 15 survivors (15360K)
}
Event: 20.909 {heap Before GC invocations=18 (full 0):
 garbage-first heap   total reserved 524288K, committed 262144K, used 231562K [0x00000000e0000000, 0x0000000100000000)
  region size 1024K, 116 young (118784K), 15 survivors (15360K)
}
Event: 20.925 {heap After GC invocations=19 (full 0):
 garbage-first heap   total reserved 524288K, committed 262144K, used 135122K [0x00000000e0000000, 0x0000000100000000)
  region size 1024K, 7 young (7168K), 7 survivors (7168K)
}
Event: 22.254 {heap Before GC invocations=19 (full 0):
 garbage-first heap   total reserved 524288K, committed 262144K, used 234450K [0x00000000e0000000, 0x0000000100000000)
  region size 1024K, 104 young (106496K), 7 survivors (7168K)
}
Event: 22.274 {heap After GC invocations=20 (full 0):
 garbage-first heap   total reserved 524288K, committed 262144K, used 150671K [0x00000000e0000000, 0x0000000100000000)
  region size 1024K, 13 young (13312K), 13 survivors (13312K)
}
Event: 23.266 {heap Before GC invocations=21 (full 0):
 garbage-first heap   total reserved 524288K, committed 262144K, used 230543K [0x00000000e0000000, 0x0000000100000000)
  region size 1024K, 91 young (93184K), 13 survivors (13312K)
}
Event: 23.298 {heap After GC invocations=22 (full 0):
 garbage-first heap   total reserved 524288K, committed 271360K, used 177444K [0x00000000e0000000, 0x0000000100000000)
  region size 1024K, 12 young (12288K), 12 survivors (12288K)
}
Event: 24.675 {heap Before GC invocations=22 (full 0):
 garbage-first heap   total reserved 524288K, committed 271360K, used 238884K [0x00000000e0000000, 0x0000000100000000)
  region size 1024K, 70 young (71680K), 12 survivors (12288K)
}
Event: 24.692 {heap After GC invocations=23 (full 0):
 garbage-first heap   total reserved 524288K, committed 271360K, used 189262K [0x00000000e0000000, 0x0000000100000000)
  region size 1024K, 9 young (9216K), 9 survivors (9216K)
}
Event: 25.750 {heap Before GC invocations=23 (full 0):
 garbage-first heap   total reserved 524288K, committed 271360K, used 241486K [0x00000000e0000000, 0x0000000100000000)
  region size 1024K, 61 young (62464K), 9 survivors (9216K)
}
Event: 25.762 {heap After GC invocations=24 (full 0):
 garbage-first heap   total reserved 524288K, committed 271360K, used 193214K [0x00000000e0000000, 0x0000000100000000)
  region size 1024K, 4 young (4096K), 4 survivors (4096K)
}
Event: 28.908 {heap Before GC invocations=25 (full 0):
 garbage-first heap   total reserved 524288K, committed 290816K, used 225982K [0x00000000e0000000, 0x0000000100000000)
  region size 1024K, 56 young (57344K), 4 survivors (4096K)
}
Event: 28.919 {heap After GC invocations=26 (full 0):
 garbage-first heap   total reserved 524288K, committed 290816K, used 178238K [0x00000000e0000000, 0x0000000100000000)
  region size 1024K, 7 young (7168K), 7 survivors (7168K)
}

